<?xml version="1.0" encoding="UTF-8"?>
<!-- Generated by org.testng.reporters.JUnitReportReporter -->
<testsuite hostname="TEST_Win8" failures="0" tests="1" name="Test_google" time="8.631" errors="0" timestamp="11 oct. 2018 14:04:53 GMT" skipped="0">
  <testcase classname="Test_google" name="testMain" time="8.631"/>
</testsuite> <!-- Test_google -->
