<?xml version="1.0" encoding="UTF-8"?>
<!-- Generated by org.testng.reporters.JUnitReportReporter -->
<testsuite hostname="TEST_Win8" failures="0" tests="1" name="forma.google" time="41.790" errors="0" timestamp="12 oct. 2018 07:56:41 GMT" skipped="0">
  <testcase classname="forma.google" name="testMain" time="41.790"/>
</testsuite> <!-- forma.google -->
